<?xml version="1.0" encoding="UTF-8"?>
<!-- Generated by org.testng.reporters.JUnitXMLReporter -->
<testsuite ignored="0" hostname="LAPTOP-4UBCD2HL" failures="0" tests="6" name="Test-edge" time="282.936" errors="0" timestamp="2025-04-07T14:29:11 IST">
  <testcase classname="organization.CreateOrganisationWithPhoneNumTest" name="createorganizationTest" time="78.971"/>
  <testcase classname="organization.createOrganizationWithIndustryAndTypeTest" name="createorgaWithIndustryTest" time="38.359"/>
  <testcase classname="organization.Create_ContactTest" name="Create_Contact_Test" time="39.171"/>
  <testcase classname="organization.CreateContactsWithOrgTest" name="CreateContact_OrgnameTest" time="51.555"/>
  <testcase classname="organization.CreateContactWithSupportDateTest" name="CreateContactTest" time="38.156"/>
  <testcase classname="organization.CreateOrganisationTest" name="CreateOrganizationTest" time="36.621"/>
</testsuite> <!-- Test-edge -->
