<?xml version="1.0" encoding="UTF-8"?>
<!-- Generated by org.testng.reporters.JUnitReportReporter -->
<testsuite hostname="LAPTOP-4UBCD2HL" failures="0" tests="1" name="organization.Create_Contact" time="41.455" errors="0" timestamp="2025-04-05T09:32:48 IST" skipped="0">
  <testcase classname="organization.Create_Contact" name="Create_Contact_Test" time="41.455"/>
</testsuite> <!-- organization.Create_Contact -->
