<?xml version="1.0" encoding="UTF-8"?>
<!-- Generated by org.testng.reporters.JUnitReportReporter -->
<testsuite hostname="LAPTOP-4UBCD2HL" failures="0" tests="1" name="organization.CreateOrganisationWithPhoneNum" time="42.943" errors="0" timestamp="2025-04-05T13:56:19 IST" skipped="0">
  <testcase classname="organization.CreateOrganisationWithPhoneNum" name="createorganization" time="42.943"/>
</testsuite> <!-- organization.CreateOrganisationWithPhoneNum -->
