<?xml version="1.0" encoding="UTF-8"?>
<!-- Generated by org.testng.reporters.JUnitReportReporter -->
<testsuite hostname="LAPTOP-4UBCD2HL" failures="0" tests="6" name="dataDriven.facebooklogin" time="10.738" errors="1" timestamp="2025-04-11T15:18:44 IST" skipped="5">
  <testcase classname="dataDriven.facebooklogin" name="fetchDataFromJsonFile" time="1.772">
    <skipped/>
  </testcase> <!-- fetchDataFromJsonFile -->
  <testcase classname="dataDriven.facebooklogin" name="fetchDataFromJsonFile" time="1.702">
    <skipped/>
  </testcase> <!-- fetchDataFromJsonFile -->
  <testcase classname="dataDriven.facebooklogin" name="fetchDataFromJsonFile" time="2.311">
    <skipped/>
  </testcase> <!-- fetchDataFromJsonFile -->
  <testcase classname="dataDriven.facebooklogin" name="fetchDataFromJsonFile" time="1.740">
    <error message="Cannot parse null string" type="java.lang.NumberFormatException">
      <![CDATA[java.lang.NumberFormatException: Cannot parse null string
at java.base/java.lang.Long.parseLong(Long.java:672)
at java.base/java.lang.Long.parseLong(Long.java:832)
at dataDriven.facebooklogin.fetchDataFromJsonFile(facebooklogin.java:30)
at java.base/jdk.internal.reflect.DirectMethodHandleAccessor.invoke(DirectMethodHandleAccessor.java:103)
at java.base/java.lang.reflect.Method.invoke(Method.java:580)
at org.testng.internal.invokers.MethodInvocationHelper.invokeMethod(MethodInvocationHelper.java:141)
at org.testng.internal.invokers.TestInvoker.invokeMethod(TestInvoker.java:686)
at org.testng.internal.invokers.TestInvoker.retryFailed(TestInvoker.java:269)
at org.testng.internal.invokers.MethodRunner.runInSequence(MethodRunner.java:76)
at org.testng.internal.invokers.TestInvoker$MethodInvocationAgent.invoke(TestInvoker.java:992)
at org.testng.internal.invokers.TestInvoker.invokeTestMethods(TestInvoker.java:203)
at org.testng.internal.invokers.TestMethodWorker.invokeTestMethods(TestMethodWorker.java:154)
at org.testng.internal.invokers.TestMethodWorker.run(TestMethodWorker.java:134)
at java.base/java.util.ArrayList.forEach(ArrayList.java:1596)
at org.testng.TestRunner.privateRun(TestRunner.java:739)
at org.testng.TestRunner.run(TestRunner.java:614)
at org.testng.SuiteRunner.runTest(SuiteRunner.java:421)
at org.testng.SuiteRunner.runSequentially(SuiteRunner.java:413)
at org.testng.SuiteRunner.privateRun(SuiteRunner.java:373)
at org.testng.SuiteRunner.run(SuiteRunner.java:312)
at org.testng.SuiteRunnerWorker.runSuite(SuiteRunnerWorker.java:52)
at org.testng.SuiteRunnerWorker.run(SuiteRunnerWorker.java:95)
at org.testng.TestNG.runSuitesSequentially(TestNG.java:1274)
at org.testng.TestNG.runSuitesLocally(TestNG.java:1208)
at org.testng.TestNG.runSuites(TestNG.java:1112)
at org.testng.TestNG.run(TestNG.java:1079)
at org.testng.remote.AbstractRemoteTestNG.run(AbstractRemoteTestNG.java:115)
at org.testng.remote.RemoteTestNG.initAndRun(RemoteTestNG.java:293)
at org.testng.remote.RemoteTestNG.main(RemoteTestNG.java:91)
]]>
    </error>
  </testcase> <!-- fetchDataFromJsonFile -->
  <testcase classname="dataDriven.facebooklogin" name="fetchDataFromJsonFile" time="1.685">
    <skipped/>
  </testcase> <!-- fetchDataFromJsonFile -->
  <testcase classname="dataDriven.facebooklogin" name="fetchDataFromJsonFile" time="1.528">
    <skipped/>
  </testcase> <!-- fetchDataFromJsonFile -->
</testsuite> <!-- dataDriven.facebooklogin -->
