<?xml version="1.0" encoding="UTF-8"?>
<!-- Generated by org.testng.reporters.JUnitReportReporter -->
<testsuite hostname="LAPTOP-4UBCD2HL" failures="0" tests="1" name="organization.Create_ContactTest" time="61.511" errors="0" timestamp="2025-04-11T15:06:46 IST" skipped="0">
  <testcase classname="organization.Create_ContactTest" name="Create_Contact_Test" time="61.511"/>
  <system-out>
    <![CDATA[configure the DB:connect
BT:parallel Exe
launch the browser
login to application
logout to application
close the browser
AT:parallel Exe
close the db connection]]>
  </system-out>
</testsuite> <!-- organization.Create_ContactTest -->
