<?xml version="1.0" encoding="UTF-8"?>
<!-- Generated by org.testng.reporters.JUnitReportReporter -->
<testsuite hostname="LAPTOP-4UBCD2HL" failures="0" tests="1" name="organization.Create_ContactTest" time="126.634" errors="0" timestamp="2025-04-18T15:01:47 IST" skipped="0">
  <testcase classname="organization.Create_ContactTest" name="Create_Contact_Test" time="126.634">
    <system-out>
      <![CDATA[Create_Contact_Test----started--
Create_Contact_Test--sucess--]]>
    </system-out>
  </testcase> <!-- Create_Contact_Test -->
  <system-out>
    <![CDATA[report configuration
configure the DB:connect
BT:parallel Exe
launch the browser
login to application
Create_Contact_Test----started--
Create_Contact_Test--sucess--
logout to application
close the browser
AT:parallel Exe
close the db connection]]>
  </system-out>
</testsuite> <!-- organization.Create_ContactTest -->
