<?xml version="1.0" encoding="UTF-8"?>
<!-- Generated by org.testng.reporters.JUnitReportReporter -->
<testsuite hostname="LAPTOP-4UBCD2HL" failures="0" tests="1" name="organization.CreateContactScenariosTest" time="37.439" errors="0" timestamp="2025-04-19T15:07:19 IST" skipped="0">
  <testcase classname="organization.CreateContactScenariosTest" name="Create_Contact_Test" time="37.439">
    <system-out>
      <![CDATA[Create_Contact_Test----started--
Create_Contact_Test--sucess--]]>
    </system-out>
  </testcase> <!-- Create_Contact_Test -->
  <system-out>
    <![CDATA[report configuration
configure the DB:connect
BT:parallel Exe
launch the browser
login to application
CreateOrganizationTest----started--
CreateOrganizationTest--sucess--
logout to application
close the browser
launch the browser
login to application
Create_Contact_Test----started--
Create_Contact_Test--sucess--
logout to application
close the browser
AT:parallel Exe
close the db connection]]>
  </system-out>
</testsuite> <!-- organization.CreateContactScenariosTest -->
