<?xml version="1.0" encoding="UTF-8"?>
<!-- Generated by org.testng.reporters.JUnitReportReporter -->
<testsuite hostname="LAPTOP-4UBCD2HL" failures="0" tests="1" name="organization.createOrganizationWithIndustryAndTypeTest" time="30.062" errors="0" timestamp="2025-04-10T15:28:39 IST" skipped="0">
  <testcase classname="organization.createOrganizationWithIndustryAndTypeTest" name="createorgaWithIndustryTest" time="30.062">
    <system-out>
      <![CDATA[createorgaWithIndustryTest----started--
createorgaWithIndustryTest--succes--]]>
    </system-out>
  </testcase> <!-- createorgaWithIndustryTest -->
  <system-out>
    <![CDATA[report configuration
configure the DB:connect
BT:parallel Exe
launch the browser
login to application
createorganizationTest----started--
createorganizationTest--succes--
logout to application
close the browser
launch the browser
login to application
CreateOrganizationTest----started--
CreateOrganizationTest--succes--
logout to application
close the browser
launch the browser
login to application
createorganizationTest----started--
createorganizationTest--succes--
logout to application
close the browser
launch the browser
login to application
createorgaWithIndustryTest----started--
createorgaWithIndustryTest--succes--
logout to application
close the browser
launch the browser
login to application
CreateContactTest----started--
CreateContactTest--failed--
logout to application
close the browser
launch the browser
login to application
CreateContact_OrgnameTest----started--
CreateContact_OrgnameTest--succes--
logout to application
close the browser
launch the browser
login to application
Create_Contact_Test----started--
Create_Contact_Test--succes--
logout to application
close the browser
launch the browser
login to application
createorgaWithIndustryTest----started--
createorgaWithIndustryTest--succes--
logout to application
close the browser
launch the browser
login to application
Create_Contact_Test----started--
Create_Contact_Test--succes--
logout to application
close the browser
launch the browser
login to application
CreateContact_OrgnameTest----started--
CreateContact_OrgnameTest--succes--
logout to application
close the browser
launch the browser
login to application
CreateContactTest----started--
CreateContactTest--failed--
logout to application
close the browser
launch the browser
login to application
CreateOrganizationTest----started--
CreateOrganizationTest--failed--
logout to application
close the browser
AT:parallel Exe
close the db connection]]>
  </system-out>
</testsuite> <!-- organization.createOrganizationWithIndustryAndTypeTest -->
