<?xml version="1.0" encoding="UTF-8"?>
<!-- Generated by org.testng.reporters.JUnitReportReporter -->
<testsuite hostname="LAPTOP-4UBCD2HL" failures="0" tests="1" name="dataDriven.FetchingdataFromDatabase" time="0.773" errors="0" timestamp="2025-03-17T17:14:55 IST" skipped="0">
  <testcase classname="dataDriven.FetchingdataFromDatabase" name="FetchDataFromDataBase" time="0.773"/>
</testsuite> <!-- dataDriven.FetchingdataFromDatabase -->
