<?xml version="1.0" encoding="UTF-8"?>
<!-- Generated by org.testng.reporters.JUnitReportReporter -->
<testsuite hostname="LAPTOP-4UBCD2HL" failures="0" tests="1" name="Leads.CreateLeadsTest" time="39.740" errors="0" timestamp="2025-04-07T11:33:59 IST" skipped="0">
  <testcase classname="Leads.CreateLeadsTest" name="Create_Leads_Test" time="39.740"/>
</testsuite> <!-- Leads.CreateLeadsTest -->
