<?xml version="1.0" encoding="UTF-8"?>
<!-- Generated by org.testng.reporters.JUnitReportReporter -->
<testsuite hostname="LAPTOP-4UBCD2HL" failures="0" tests="1" name="ExtentReports.UsingExtentReports" time="6.814" errors="0" timestamp="2025-04-14T15:16:09 IST" skipped="0">
  <testcase classname="ExtentReports.UsingExtentReports" name="demo" time="6.814"/>
</testsuite> <!-- ExtentReports.UsingExtentReports -->
