<?xml version="1.0" encoding="UTF-8"?>
<!-- Generated by org.testng.reporters.JUnitReportReporter -->
<testsuite hostname="LAPTOP-4UBCD2HL" failures="0" tests="1" name="Organisation.CreateOragnisationWithPhoneNum" time="33.886" errors="0" timestamp="2025-03-21T07:41:29 IST" skipped="0">
  <testcase classname="Organisation.CreateOragnisationWithPhoneNum" name="CreateOrganisation" time="33.886"/>
</testsuite> <!-- Organisation.CreateOragnisationWithPhoneNum -->
