<?xml version="1.0" encoding="UTF-8"?>
<!-- Generated by org.testng.reporters.JUnitReportReporter -->
<testsuite hostname="LAPTOP-4UBCD2HL" failures="0" tests="1" name="organization.CreateOrgScenarios$CreateOrganisationWithPhoneNumTest" time="38.454" errors="0" timestamp="2025-04-11T14:11:49 IST" skipped="0">
  <testcase classname="organization.CreateOrgScenarios$CreateOrganisationWithPhoneNumTest" name="createorganizationTest" time="38.454">
    <system-out>
      <![CDATA[createorganizationTest----started--
createorganizationTest--succes--]]>
    </system-out>
  </testcase> <!-- createorganizationTest -->
  <system-out>
    <![CDATA[report configuration
configure the DB:connect
BT:parallel Exe
launch the browser
login to application
CreateOrganizationTest----started--
CreateOrganizationTest--succes--
logout to application
close the browser
launch the browser
login to application
createorganizationTest----started--
createorganizationTest--succes--
logout to application
close the browser
launch the browser
login to application
createorgaWithIndustryTest----started--
createorgaWithIndustryTest--succes--
logout to application
close the browser
launch the browser
login to application
CreateOrganizationTest----started--
CreateOrganizationTest--succes--
logout to application
close the browser
AT:parallel Exe
close the db connection]]>
  </system-out>
</testsuite> <!-- organization.CreateOrgScenarios$CreateOrganisationWithPhoneNumTest -->
