<?xml version="1.0" encoding="UTF-8"?>
<!-- Generated by org.testng.reporters.JUnitReportReporter -->
<testsuite hostname="LAPTOP-4UBCD2HL" failures="0" tests="1" name="organization.CreateContactsWithOrg" time="39.260" errors="0" timestamp="2025-04-04T16:40:55 IST" skipped="0">
  <testcase classname="organization.CreateContactsWithOrg" name="CreateContact_Orgname" time="39.260"/>
</testsuite> <!-- organization.CreateContactsWithOrg -->
