<?xml version="1.0" encoding="UTF-8"?>
<!-- Generated by org.testng.reporters.JUnitReportReporter -->
<testsuite hostname="LAPTOP-4UBCD2HL" failures="0" tests="1" name="dataDriven.DDT_using_Json" time="0.024" errors="0" timestamp="2025-03-13T17:29:56 IST" skipped="0">
  <testcase classname="dataDriven.DDT_using_Json" name="fetchDataFromJsonFile" time="0.024"/>
</testsuite> <!-- dataDriven.DDT_using_Json -->
