<?xml version="1.0" encoding="UTF-8"?>
<!-- Generated by org.testng.reporters.JUnitReportReporter -->
<testsuite hostname="LAPTOP-4UBCD2HL" failures="0" tests="1" name="organization.CreateOrganisation" time="36.718" errors="0" timestamp="2025-04-05T12:07:17 IST" skipped="0">
  <testcase classname="organization.CreateOrganisation" name="CreateOrganization" time="36.718"/>
</testsuite> <!-- organization.CreateOrganisation -->
