<?xml version="1.0" encoding="UTF-8"?>
<!-- Generated by org.testng.reporters.JUnitReportReporter -->
<testsuite hostname="LAPTOP-4UBCD2HL" failures="0" tests="1" name="Organisation.CreateOrganisation" time="23.490" errors="0" timestamp="2025-03-20T17:06:53 IST" skipped="0">
  <testcase classname="Organisation.CreateOrganisation" name="CreateOrganisation" time="23.490"/>
</testsuite> <!-- Organisation.CreateOrganisation -->
