<?xml version="1.0" encoding="UTF-8"?>
<!-- Generated by org.testng.reporters.JUnitReportReporter -->
<testsuite hostname="LAPTOP-4UBCD2HL" failures="0" tests="1" name="organization.CreateContactWithSupportDate$createContactWithSupportDate" time="38.193" errors="0" timestamp="2025-04-05T14:19:41 IST" skipped="0">
  <testcase classname="organization.CreateContactWithSupportDate$createContactWithSupportDate" name="CreateContact" time="38.193"/>
</testsuite> <!-- organization.CreateContactWithSupportDate$createContactWithSupportDate -->
