<?xml version="1.0" encoding="UTF-8"?>
<!-- Generated by org.testng.reporters.JUnitReportReporter -->
<testsuite hostname="LAPTOP-4UBCD2HL" failures="0" tests="1" name="dataDriven.FetchDataFromMysqlDatabase" time="1.443" errors="0" timestamp="2025-03-17T12:41:31 IST" skipped="0">
  <testcase classname="dataDriven.FetchDataFromMysqlDatabase" name="FetchDataFromMysqlDatabase" time="1.443"/>
</testsuite> <!-- dataDriven.FetchDataFromMysqlDatabase -->
