<?xml version="1.0" encoding="UTF-8"?>
<!-- Generated by org.testng.reporters.JUnitReportReporter -->
<testsuite hostname="LAPTOP-4UBCD2HL" failures="0" tests="1" name="organization.createOrganizationWithIndustryAndType" time="28.133" errors="0" timestamp="2025-04-05T14:47:39 IST" skipped="0">
  <testcase classname="organization.createOrganizationWithIndustryAndType" name="createorgaWithIndustry" time="28.133"/>
</testsuite> <!-- organization.createOrganizationWithIndustryAndType -->
